d:\documents\projekty\cpp\sdizoprojekt\sdizo2\sdizo2\release\sdizo2.pch
d:\documents\projekty\cpp\sdizoprojekt\sdizo2\sdizo2\release\vc120.pdb
d:\documents\projekty\cpp\sdizoprojekt\sdizo2\sdizo2\release\stdafx.obj
d:\documents\projekty\cpp\sdizoprojekt\sdizo2\sdizo2\release\unionfind.obj
d:\documents\projekty\cpp\sdizoprojekt\sdizo2\sdizo2\release\timer.obj
d:\documents\projekty\cpp\sdizoprojekt\sdizo2\sdizo2\release\shortestwayalgoritm.obj
d:\documents\projekty\cpp\sdizoprojekt\sdizo2\sdizo2\release\sdizo2.obj
d:\documents\projekty\cpp\sdizoprojekt\sdizo2\sdizo2\release\mylist.obj
d:\documents\projekty\cpp\sdizoprojekt\sdizo2\sdizo2\release\myheap.obj
d:\documents\projekty\cpp\sdizoprojekt\sdizo2\sdizo2\release\minimumspanningtreealgoritm.obj
d:\documents\projekty\cpp\sdizoprojekt\sdizo2\sdizo2\release\matrixgraphrepresentation.obj
d:\documents\projekty\cpp\sdizoprojekt\sdizo2\sdizo2\release\listgraphrepresentation.obj
d:\documents\projekty\cpp\sdizoprojekt\sdizo2\sdizo2\release\graphrepresentationinterface.obj
d:\documents\projekty\cpp\sdizoprojekt\sdizo2\sdizo2\release\edgestack.obj
d:\documents\projekty\cpp\sdizoprojekt\sdizo2\sdizo2\release\edgelist.obj
d:\documents\projekty\cpp\sdizoprojekt\sdizo2\release\sdizo2.exe
d:\documents\projekty\cpp\sdizoprojekt\sdizo2\release\sdizo2.pdb
d:\documents\projekty\cpp\sdizoprojekt\sdizo2\sdizo2\release\sdizo2.tlog\cl.command.1.tlog
d:\documents\projekty\cpp\sdizoprojekt\sdizo2\sdizo2\release\sdizo2.tlog\cl.read.1.tlog
d:\documents\projekty\cpp\sdizoprojekt\sdizo2\sdizo2\release\sdizo2.tlog\cl.write.1.tlog
d:\documents\projekty\cpp\sdizoprojekt\sdizo2\sdizo2\release\sdizo2.tlog\link.command.1.tlog
d:\documents\projekty\cpp\sdizoprojekt\sdizo2\sdizo2\release\sdizo2.tlog\link.read.1.tlog
d:\documents\projekty\cpp\sdizoprojekt\sdizo2\sdizo2\release\sdizo2.tlog\link.write.1.tlog
